<?xml version="1.0" encoding="UTF-8"?>
<!-- Generated by org.testng.reporters.JUnitXMLReporter -->
<testsuite ignored="1" hostname="sumit" failures="0" tests="2" name="AmazonFlowTest" time="26.276" errors="0" timestamp="2026-02-28T09:38:45 IST">
  <testcase classname="tests.tests" name="testAmazonFlow" time="15.186"/>
  <testcase classname="tests.tests2" name="testAmazonFlow" time="22.791"/>
  <testcase classname="baseclass.Baseclass" name="@AfterSuite tearDown" time="0.0">
    <ignored/>
  </testcase> <!-- @AfterSuite tearDown -->
</testsuite> <!-- AmazonFlowTest -->
