<?xml version="1.0" encoding="UTF-8"?>
<testng-results ignored="0" total="1" passed="1" failed="0" skipped="0">
  <reporter-output>
  </reporter-output>
  <suite started-at="2026-03-15T19:45:54 IST" name="AmazonSuite" finished-at="2026-03-15T19:46:12 IST" duration-ms="18527">
    <groups>
    </groups>
    <test started-at="2026-03-15T19:45:54 IST" name="SmokeTests" finished-at="2026-03-15T19:46:12 IST" duration-ms="18527">
      <class name="tests.tests">
        <test-method is-config="true" signature="setupReport()[pri:0, instance:tests.tests@45099dd3]" started-at="2026-03-15T19:45:54 IST" name="setupReport" finished-at="2026-03-15T19:45:54 IST" duration-ms="8" status="PASS">
          <reporter-output>
          </reporter-output>
        </test-method> <!-- setupReport -->
        <test-method is-config="true" signature="setup()[pri:0, instance:tests.tests@45099dd3]" started-at="2026-03-15T19:45:54 IST" name="setup" finished-at="2026-03-15T19:45:58 IST" duration-ms="3786" status="PASS">
          <reporter-output>
          </reporter-output>
        </test-method> <!-- setup -->
        <test-method signature="testAmazonFlow(java.lang.String,java.lang.String)[pri:0, instance:tests.tests@45099dd3]" started-at="2026-03-15T19:45:58 IST" name="testAmazonFlow" data-provider="excelData" finished-at="2026-03-15T19:46:12 IST" duration-ms="13711" status="PASS">
          <params>
            <param index="0">
              <value>
                <![CDATA[lipsticks]]>
              </value>
            </param>
            <param index="1">
              <value>
                <![CDATA[1.0]]>
              </value>
            </param>
          </params>
          <reporter-output>
          </reporter-output>
        </test-method> <!-- testAmazonFlow -->
        <test-method is-config="true" signature="tearDown()[pri:0, instance:tests.tests@45099dd3]" started-at="2026-03-15T19:46:12 IST" name="tearDown" finished-at="2026-03-15T19:46:12 IST" duration-ms="190" status="PASS">
          <reporter-output>
          </reporter-output>
        </test-method> <!-- tearDown -->
        <test-method is-config="true" signature="tearDownReport()[pri:0, instance:tests.tests@45099dd3]" started-at="2026-03-15T19:46:13 IST" name="tearDownReport" finished-at="2026-03-15T19:46:13 IST" duration-ms="9" status="PASS">
          <reporter-output>
          </reporter-output>
        </test-method> <!-- tearDownReport -->
      </class> <!-- tests.tests -->
    </test> <!-- SmokeTests -->
  </suite> <!-- AmazonSuite -->
</testng-results>
